Traceback (most recent call last):
  File "main.py", line 6, in <module>
    import torch
ModuleNotFoundError: No module named 'torch'
0.17682680487632751
0.1338815540075302
0.11206934601068497
0.08525122702121735
0.07491891831159592
0.06666174530982971
0.06828483939170837
0.055575061589479446
0.07178567349910736
0.03901011496782303
0.03719710186123848
0.039286352694034576
0.036908939480781555
0.03810910880565643
0.030938738957047462
0.039401035755872726
0.03153543919324875
0.03385709226131439
0.027334081009030342
0.030358215793967247
0.028761480003595352
0.025680389255285263
0.028215521946549416
0.025448208674788475
0.02383381873369217
0.019157888367772102
0.021845566108822823
0.022441621869802475
0.02454044111073017
0.022161658853292465
0.023547787219285965
0.032219480723142624
0.025590838864445686
0.07264886796474457
0.023721912875771523
0.021426387131214142
0.021144121885299683
0.019841616973280907
0.01811343990266323
0.04828929156064987
0.027062784880399704
0.01756289228796959
0.020005743950605392
0.0207914337515831
0.0531952939927578
0.02434561215341091
0.017225896939635277
0.017085278406739235
0.018674975261092186
0.023201365023851395
0.021204017102718353
0.07495253533124924
0.015020043589174747
0.0429750457406044
0.019016152247786522
0.014178753830492496
0.015233764424920082
0.015436002053320408
0.016268223524093628
0.017554569989442825
0.018063891679048538
0.017976252362132072
0.01994323544204235
0.01741931587457657
0.013169333338737488
0.01542623434215784
0.015058659948408604
0.01557089388370514
0.017508745193481445
0.014355223625898361
0.01687818020582199
0.039240512996912
0.014045871794223785
0.013469967991113663
0.01623080112040043
0.01409156434237957
0.015754828229546547
0.01401279866695404
0.01218288391828537
0.014907840639352798
0.013047848828136921
0.015429884195327759
0.015242503955960274
0.011508030816912651
0.016423551365733147
0.013527967967092991
0.03385009616613388
0.014902596361935139
0.012758546508848667
0.018643515184521675
0.013910713605582714
0.017729377374053
0.04964558035135269
0.014282086864113808
0.012914858758449554
0.05189936235547066
0.0163269080221653
0.015313249081373215
0.012727377936244011
0.01315987017005682
0.011505933478474617
0.010481063276529312
0.03327971324324608
0.04011589288711548
0.014044935815036297
0.016379810869693756
0.011898706667125225
0.009802697226405144
0.012763399630784988
0.011393277905881405
